<?xml version="1.0" encoding="UTF-8"?>
<!-- Generated by org.testng.reporters.JUnitReportReporter -->
<testsuite skipped="0" hostname="LAPTOP-4QCMJHK6" name="practice01.daily_practice" tests="1" failures="0" timestamp="2023-01-12T21:55:21 IST" time="10.778" errors="0">
  <testcase name="m1" time="10.778" classname="practice01.daily_practice"/>
  <system-out/>
</testsuite> <!-- practice01.daily_practice -->
