<?xml version="1.0" encoding="UTF-8"?>
<!-- Generated by org.testng.reporters.JUnitReportReporter -->
<testsuite skipped="0" hostname="LAPTOP-4QCMJHK6" name="practice01.propertiefile" tests="1" failures="0" timestamp="2023-01-03T01:04:48 IST" time="10.900" errors="0">
  <testcase name="m1" time="10.900" classname="practice01.propertiefile"/>
  <system-out/>
</testsuite> <!-- practice01.propertiefile -->
