<?xml version="1.0" encoding="UTF-8"?>
<!-- Generated by org.testng.reporters.JUnitReportReporter -->
<testsuite skipped="0" hostname="LAPTOP-4QCMJHK6" name="TestNGPractice.practice02" tests="2" failures="0" timestamp="2023-01-16T14:23:53 IST" time="17.019" errors="0">
  <testcase name="m1" time="8.925" classname="TestNGPractice.practice02"/>
  <system-out/>
  <testcase name="m2" time="8.094" classname="TestNGPractice.practice02"/>
  <system-out/>
</testsuite> <!-- TestNGPractice.practice02 -->
