<?xml version="1.0" encoding="UTF-8"?>
<!-- Generated by org.testng.reporters.JUnitReportReporter -->
<testsuite skipped="0" hostname="LAPTOP-4QCMJHK6" name="TestClass" tests="1" failures="0" timestamp="2023-02-02T12:32:06 IST" time="7.486" errors="0">
  <testcase name="manager" time="7.486" classname="TestClass"/>
  <system-out/>
</testsuite> <!-- TestClass -->
