<?xml version="1.0" encoding="UTF-8"?>
<!-- Generated by org.testng.reporters.JUnitReportReporter -->
<testsuite skipped="0" hostname="LAPTOP-4QCMJHK6" name="practice.Practice_session2" tests="1" failures="0" timestamp="2022-11-17T22:28:50 IST" time="0.007" errors="0">
  <testcase name="m1" time="0.007" classname="practice.Practice_session2"/>
  <system-out/>
</testsuite> <!-- practice.Practice_session2 -->
