<?xml version="1.0" encoding="UTF-8"?>
<!-- Generated by org.testng.reporters.JUnitReportReporter -->
<testsuite skipped="0" hostname="LAPTOP-4QCMJHK6" name="practice01.practicedaily" tests="1" failures="0" timestamp="2023-01-09T15:46:55 IST" time="0.000" errors="0">
  <testcase name="m1" time="0.000" classname="practice01.practicedaily"/>
  <system-out/>
</testsuite> <!-- practice01.practicedaily -->
