<?xml version="1.0" encoding="UTF-8"?>
<!-- Generated by org.testng.reporters.JUnitReportReporter -->
<testsuite skipped="0" hostname="LAPTOP-4QCMJHK6" name="practice01.demo" tests="4" failures="0" timestamp="2023-01-19T00:20:36 IST" time="0.002" errors="0">
  <testcase name="login2" time="0.002" classname="practice01.demo"/>
  <system-out/>
  <testcase name="login4" time="0.000" classname="practice01.demo"/>
  <system-out/>
  <testcase name="login1" time="0.000" classname="practice01.demo"/>
  <system-out/>
  <testcase name="login3" time="0.000" classname="practice01.demo"/>
  <system-out/>
</testsuite> <!-- practice01.demo -->
