<?xml version="1.0" encoding="UTF-8"?>
<!-- Generated by org.testng.reporters.JUnitReportReporter -->
<testsuite skipped="0" hostname="LAPTOP-4QCMJHK6" name="practice_here.practice02" tests="2" failures="0" timestamp="2022-12-31T19:47:12 IST" time="47.360" errors="0">
  <testcase name="browser4" time="23.991" classname="practice_here.practice02"/>
  <system-out/>
  <testcase name="browser3" time="23.369" classname="practice_here.practice02"/>
  <system-out/>
</testsuite> <!-- practice_here.practice02 -->
