<?xml version="1.0" encoding="UTF-8"?>
<!-- Generated by org.testng.reporters.JUnitReportReporter -->
<testsuite skipped="0" hostname="LAPTOP-4QCMJHK6" name="practice01.int_palindrom" tests="1" failures="0" timestamp="2023-01-11T22:01:39 IST" time="0.010" errors="0">
  <testcase name="m1" time="0.010" classname="practice01.int_palindrom"/>
  <system-out/>
</testsuite> <!-- practice01.int_palindrom -->
