<?xml version="1.0" encoding="UTF-8"?>
<!-- Generated by org.testng.reporters.JUnitReportReporter -->
<testsuite skipped="0" hostname="LAPTOP-4QCMJHK6" name="practice_here.practice04" tests="1" failures="0" timestamp="2023-01-01T22:36:40 IST" time="14.437" errors="0">
  <testcase name="log" time="14.437" classname="practice_here.practice04"/>
  <system-out/>
</testsuite> <!-- practice_here.practice04 -->
