<?xml version="1.0" encoding="UTF-8"?>
<!-- Generated by org.testng.reporters.JUnitReportReporter -->
<testsuite skipped="0" hostname="LAPTOP-4QCMJHK6" name="TestNGPractice.TestClass" tests="1" failures="0" timestamp="2023-01-19T01:14:21 IST" time="11.635" errors="0">
  <testcase name="manager" time="11.635" classname="TestNGPractice.TestClass"/>
  <system-out/>
</testsuite> <!-- TestNGPractice.TestClass -->
