<?xml version="1.0" encoding="UTF-8"?>
<!-- Generated by org.testng.reporters.JUnitReportReporter -->
<testsuite skipped="0" hostname="LAPTOP-4QCMJHK6" name="practice01.practicedily" tests="1" failures="0" timestamp="2023-01-03T14:16:24 IST" time="9.861" errors="0">
  <testcase name="m1" time="9.861" classname="practice01.practicedily"/>
  <system-out/>
</testsuite> <!-- practice01.practicedily -->
