<?xml version="1.0" encoding="UTF-8"?>
<!-- Generated by org.testng.reporters.JUnitReportReporter -->
<testsuite skipped="0" hostname="LAPTOP-4QCMJHK6" name="practice_here.practice03" tests="4" failures="0" timestamp="2022-12-31T19:24:52 IST" time="0.013" errors="0">
  <testcase name="openbrowser" time="0.003" classname="practice_here.practice03"/>
  <system-out/>
  <testcase name="openbrowser" time="0.001" classname="practice_here.practice03"/>
  <system-out/>
  <testcase name="openbrowser" time="0.001" classname="practice_here.practice03"/>
  <system-out/>
  <testcase name="closeBrowser" time="0.008" classname="practice_here.practice03"/>
  <system-out/>
</testsuite> <!-- practice_here.practice03 -->
