<?xml version="1.0" encoding="UTF-8"?>
<!-- Generated by org.testng.reporters.JUnitReportReporter -->
<testsuite skipped="0" hostname="LAPTOP-4QCMJHK6" name="practice01.Practicesession" tests="1" failures="0" timestamp="2023-01-22T15:08:40 IST" time="0.007" errors="0">
  <testcase name="main" time="0.007" classname="practice01.Practicesession"/>
  <system-out/>
</testsuite> <!-- practice01.Practicesession -->
